<?xml version="1.0" encoding="UTF-8"?>
<!-- Generated by org.testng.reporters.JUnitReportReporter -->
<testsuite skipped="0" hostname="LAPTOP-CDEK1TVG" name="testScripts.TC_AMZ_01" tests="1" failures="0" timestamp="2020-10-01T22:50:25 IST" time="13.052" errors="0">
  <testcase name="tc001" time="13.052" classname="testScripts.TC_AMZ_01"/>
</testsuite> <!-- testScripts.TC_AMZ_01 -->
